终端机在文法中未使用

    ERRORNUM
    ERRORID


语法

    0 $accept: Program $end

    1 Program: ExtDefList

    2 ExtDefList: ExtDef ExtDefList
    3           | ε

    4 ExtDef: Specifier ExtDecList SEMI
    5       | Specifier SEMI
    6       | Specifier FunDec CompSt
    7       | error SEMI
    8       | Specifier error SEMI
    9       | error Specifier SEMI

   10 ExtDecList: VarDec
   11           | VarDec COMMA ExtDecList
   12           | VarDec error ExtDefList

   13 Specifier: TYPE
   14          | StructSpecifier

   15 StructSpecifier: STRUCT OptTag LC DefList RC
   16                | STRUCT Tag

   17 OptTag: ID
   18       | ε

   19 Tag: ID

   20 VarDec: ID
   21       | VarDec LB INT RB
   22       | VarDec LB error RB
   23       | error RB

   24 FunDec: ID LP VarList RP
   25       | ID LP RP
   26       | ID LP error RP
   27       | error LP VarList RP

   28 VarList: ParamDec COMMA VarList
   29        | ParamDec

   30 ParamDec: Specifier VarDec

   31 CompSt: LC DefList StmtList RC
   32       | error RC

   33 StmtList: Stmt StmtList
   34         | ε

   35 Stmt: Exp SEMI
   36     | CompSt
   37     | RETURN Exp SEMI
   38     | IF LP Exp RP Stmt
   39     | IF LP Exp RP Stmt ELSE Stmt
   40     | WHILE LP Exp RP Stmt
   41     | error SEMI
   42     | Exp error SEMI
   43     | RETURN Exp error
   44     | RETURN error SEMI

   45 DefList: Def DefList
   46        | ε

   47 Def: Specifier DecList SEMI
   48    | Specifier error SEMI
   49    | Specifier DecList error

   50 DecList: Dec
   51        | Dec COMMA DecList

   52 Dec: VarDec
   53    | VarDec ASSIGNOP Exp

   54 Exp: Exp ASSIGNOP Exp
   55    | Exp AND Exp
   56    | Exp OR Exp
   57    | Exp RELOP Exp
   58    | Exp PLUS Exp
   59    | Exp MINUS Exp
   60    | Exp STAR Exp
   61    | Exp DIV Exp
   62    | LP Exp RP
   63    | MINUS Exp
   64    | NOT Exp
   65    | ID LP Args RP
   66    | ID LP RP
   67    | Exp LB Exp RB
   68    | Exp DOT ID
   69    | ID
   70    | INT
   71    | FLOAT

   72 Args: Exp COMMA Args
   73     | Exp


终结语词，附有它们出现处的规则

    $end (0) 0
    error (256) 7 8 9 12 22 23 26 27 32 41 42 43 44 48 49
    INT (258) 21 70
    FLOAT (259) 71
    ID (260) 17 19 20 24 25 26 65 66 68 69
    TYPE (261) 13
    RELOP (262) 57
    ASSIGNOP (263) 53 54
    PLUS (264) 58
    MINUS (265) 59 63
    STAR (266) 60
    DIV (267) 61
    AND (268) 55
    OR (269) 56
    NOT (270) 64
    DOT (271) 68
    COMMA (272) 11 28 51 72
    SEMI (273) 4 5 7 8 9 35 37 41 42 44 47 48
    LP (274) 24 25 26 27 38 39 40 62 65 66
    RP (275) 24 25 26 27 38 39 40 62 65 66
    LB (276) 21 22 67
    RB (277) 21 22 23 67
    LC (278) 15 31
    RC (279) 15 31 32
    STRUCT (280) 15 16
    RETURN (281) 37 43 44
    IF (282) 38 39
    ELSE (283) 39
    WHILE (284) 40
    ERRORNUM (285)
    ERRORID (286)
    LOWER_THAN_ELSE (287)


非终结语词，附有它们出现处的规则

    $accept (33)
        on left: 0
    Program (34)
        on left: 1
        on right: 0
    ExtDefList (35)
        on left: 2 3
        on right: 1 2 12
    ExtDef (36)
        on left: 4 5 6 7 8 9
        on right: 2
    ExtDecList (37)
        on left: 10 11 12
        on right: 4 11
    Specifier (38)
        on left: 13 14
        on right: 4 5 6 8 9 30 47 48 49
    StructSpecifier (39)
        on left: 15 16
        on right: 14
    OptTag (40)
        on left: 17 18
        on right: 15
    Tag (41)
        on left: 19
        on right: 16
    VarDec (42)
        on left: 20 21 22 23
        on right: 10 11 12 21 22 30 52 53
    FunDec (43)
        on left: 24 25 26 27
        on right: 6
    VarList (44)
        on left: 28 29
        on right: 24 27 28
    ParamDec (45)
        on left: 30
        on right: 28 29
    CompSt (46)
        on left: 31 32
        on right: 6 36
    StmtList (47)
        on left: 33 34
        on right: 31 33
    Stmt (48)
        on left: 35 36 37 38 39 40 41 42 43 44
        on right: 33 38 39 40
    DefList (49)
        on left: 45 46
        on right: 15 31 45
    Def (50)
        on left: 47 48 49
        on right: 45
    DecList (51)
        on left: 50 51
        on right: 47 49 51
    Dec (52)
        on left: 52 53
        on right: 50 51
    Exp (53)
        on left: 54 55 56 57 58 59 60 61 62 63 64 65 66 67 68 69 70 71
        on right: 35 37 38 39 40 42 43 53 54 55 56 57 58 59 60 61 62 63 64 67 68 72 73
    Args (54)
        on left: 72 73
        on right: 65 72


状态 0

    0 $accept: • Program $end

    error   偏移，并进入状态 1
    TYPE    偏移，并进入状态 2
    STRUCT  偏移，并进入状态 3

    $end  使用规则 3 以归约 (ExtDefList)

    Program          转到状态 4
    ExtDefList       转到状态 5
    ExtDef           转到状态 6
    Specifier        转到状态 7
    StructSpecifier  转到状态 8


状态 1

    7 ExtDef: error • SEMI
    9       | error • Specifier SEMI

    TYPE    偏移，并进入状态 2
    SEMI    偏移，并进入状态 9
    STRUCT  偏移，并进入状态 3

    Specifier        转到状态 10
    StructSpecifier  转到状态 8


状态 2

   13 Specifier: TYPE •

    $default  使用规则 13 以归约 (Specifier)


状态 3

   15 StructSpecifier: STRUCT • OptTag LC DefList RC
   16                | STRUCT • Tag

    ID  偏移，并进入状态 11

    $default  使用规则 18 以归约 (OptTag)

    OptTag  转到状态 12
    Tag     转到状态 13


状态 4

    0 $accept: Program • $end

    $end  偏移，并进入状态 14


状态 5

    1 Program: ExtDefList •

    $default  使用规则 1 以归约 (Program)


状态 6

    2 ExtDefList: ExtDef • ExtDefList

    error   偏移，并进入状态 1
    TYPE    偏移，并进入状态 2
    STRUCT  偏移，并进入状态 3

    $end  使用规则 3 以归约 (ExtDefList)
    SEMI  使用规则 3 以归约 (ExtDefList)

    ExtDefList       转到状态 15
    ExtDef           转到状态 6
    Specifier        转到状态 7
    StructSpecifier  转到状态 8


状态 7

    4 ExtDef: Specifier • ExtDecList SEMI
    5       | Specifier • SEMI
    6       | Specifier • FunDec CompSt
    8       | Specifier • error SEMI

    error  偏移，并进入状态 16
    ID     偏移，并进入状态 17
    SEMI   偏移，并进入状态 18

    ExtDecList  转到状态 19
    VarDec      转到状态 20
    FunDec      转到状态 21


状态 8

   14 Specifier: StructSpecifier •

    $default  使用规则 14 以归约 (Specifier)


状态 9

    7 ExtDef: error SEMI •

    $default  使用规则 7 以归约 (ExtDef)


状态 10

    9 ExtDef: error Specifier • SEMI

    SEMI  偏移，并进入状态 22


状态 11

   17 OptTag: ID •
   19 Tag: ID •

    LC        使用规则 17 以归约 (OptTag)
    $default  使用规则 19 以归约 (Tag)


状态 12

   15 StructSpecifier: STRUCT OptTag • LC DefList RC

    LC  偏移，并进入状态 23


状态 13

   16 StructSpecifier: STRUCT Tag •

    $default  使用规则 16 以归约 (StructSpecifier)


状态 14

    0 $accept: Program $end •

    $default  接受


状态 15

    2 ExtDefList: ExtDef ExtDefList •

    $default  使用规则 2 以归约 (ExtDefList)


状态 16

    8 ExtDef: Specifier error • SEMI
   23 VarDec: error • RB
   27 FunDec: error • LP VarList RP

    SEMI  偏移，并进入状态 24
    LP    偏移，并进入状态 25
    RB    偏移，并进入状态 26


状态 17

   20 VarDec: ID •
   24 FunDec: ID • LP VarList RP
   25       | ID • LP RP
   26       | ID • LP error RP

    LP  偏移，并进入状态 27

    $default  使用规则 20 以归约 (VarDec)


状态 18

    5 ExtDef: Specifier SEMI •

    $default  使用规则 5 以归约 (ExtDef)


状态 19

    4 ExtDef: Specifier ExtDecList • SEMI

    SEMI  偏移，并进入状态 28


状态 20

   10 ExtDecList: VarDec •
   11           | VarDec • COMMA ExtDecList
   12           | VarDec • error ExtDefList
   21 VarDec: VarDec • LB INT RB
   22       | VarDec • LB error RB

    error  偏移，并进入状态 29
    COMMA  偏移，并进入状态 30
    LB     偏移，并进入状态 31

    SEMI  使用规则 10 以归约 (ExtDecList)


状态 21

    6 ExtDef: Specifier FunDec • CompSt

    error  偏移，并进入状态 32
    LC     偏移，并进入状态 33

    CompSt  转到状态 34


状态 22

    9 ExtDef: error Specifier SEMI •

    $default  使用规则 9 以归约 (ExtDef)


状态 23

   15 StructSpecifier: STRUCT OptTag LC • DefList RC

    TYPE    偏移，并进入状态 2
    STRUCT  偏移，并进入状态 3

    $default  使用规则 46 以归约 (DefList)

    Specifier        转到状态 35
    StructSpecifier  转到状态 8
    DefList          转到状态 36
    Def              转到状态 37


状态 24

    8 ExtDef: Specifier error SEMI •

    $default  使用规则 8 以归约 (ExtDef)


状态 25

   27 FunDec: error LP • VarList RP

    TYPE    偏移，并进入状态 2
    STRUCT  偏移，并进入状态 3

    Specifier        转到状态 38
    StructSpecifier  转到状态 8
    VarList          转到状态 39
    ParamDec         转到状态 40


状态 26

   23 VarDec: error RB •

    $default  使用规则 23 以归约 (VarDec)


状态 27

   24 FunDec: ID LP • VarList RP
   25       | ID LP • RP
   26       | ID LP • error RP

    error   偏移，并进入状态 41
    TYPE    偏移，并进入状态 2
    RP      偏移，并进入状态 42
    STRUCT  偏移，并进入状态 3

    Specifier        转到状态 38
    StructSpecifier  转到状态 8
    VarList          转到状态 43
    ParamDec         转到状态 40


状态 28

    4 ExtDef: Specifier ExtDecList SEMI •

    $default  使用规则 4 以归约 (ExtDef)


状态 29

   12 ExtDecList: VarDec error • ExtDefList

    error   偏移，并进入状态 1
    TYPE    偏移，并进入状态 2
    STRUCT  偏移，并进入状态 3

    SEMI  使用规则 3 以归约 (ExtDefList)

    ExtDefList       转到状态 44
    ExtDef           转到状态 6
    Specifier        转到状态 7
    StructSpecifier  转到状态 8


状态 30

   11 ExtDecList: VarDec COMMA • ExtDecList

    error  偏移，并进入状态 45
    ID     偏移，并进入状态 46

    ExtDecList  转到状态 47
    VarDec      转到状态 20


状态 31

   21 VarDec: VarDec LB • INT RB
   22       | VarDec LB • error RB

    error  偏移，并进入状态 48
    INT    偏移，并进入状态 49


状态 32

   32 CompSt: error • RC

    RC  偏移，并进入状态 50


状态 33

   31 CompSt: LC • DefList StmtList RC

    TYPE    偏移，并进入状态 2
    STRUCT  偏移，并进入状态 3

    $default  使用规则 46 以归约 (DefList)

    Specifier        转到状态 35
    StructSpecifier  转到状态 8
    DefList          转到状态 51
    Def              转到状态 37


状态 34

    6 ExtDef: Specifier FunDec CompSt •

    $default  使用规则 6 以归约 (ExtDef)


状态 35

   47 Def: Specifier • DecList SEMI
   48    | Specifier • error SEMI
   49    | Specifier • DecList error

    error  偏移，并进入状态 52
    ID     偏移，并进入状态 46

    VarDec   转到状态 53
    DecList  转到状态 54
    Dec      转到状态 55


状态 36

   15 StructSpecifier: STRUCT OptTag LC DefList • RC

    RC  偏移，并进入状态 56


状态 37

   45 DefList: Def • DefList

    TYPE    偏移，并进入状态 2
    STRUCT  偏移，并进入状态 3

    $default  使用规则 46 以归约 (DefList)

    Specifier        转到状态 35
    StructSpecifier  转到状态 8
    DefList          转到状态 57
    Def              转到状态 37


状态 38

   30 ParamDec: Specifier • VarDec

    error  偏移，并进入状态 45
    ID     偏移，并进入状态 46

    VarDec  转到状态 58


状态 39

   27 FunDec: error LP VarList • RP

    RP  偏移，并进入状态 59


状态 40

   28 VarList: ParamDec • COMMA VarList
   29        | ParamDec •

    COMMA  偏移，并进入状态 60

    $default  使用规则 29 以归约 (VarList)


状态 41

   26 FunDec: ID LP error • RP

    RP  偏移，并进入状态 61


状态 42

   25 FunDec: ID LP RP •

    $default  使用规则 25 以归约 (FunDec)


状态 43

   24 FunDec: ID LP VarList • RP

    RP  偏移，并进入状态 62


状态 44

   12 ExtDecList: VarDec error ExtDefList •

    $default  使用规则 12 以归约 (ExtDecList)


状态 45

   23 VarDec: error • RB

    RB  偏移，并进入状态 26


状态 46

   20 VarDec: ID •

    $default  使用规则 20 以归约 (VarDec)


状态 47

   11 ExtDecList: VarDec COMMA ExtDecList •

    $default  使用规则 11 以归约 (ExtDecList)


状态 48

   22 VarDec: VarDec LB error • RB

    RB  偏移，并进入状态 63


状态 49

   21 VarDec: VarDec LB INT • RB

    RB  偏移，并进入状态 64


状态 50

   32 CompSt: error RC •

    $default  使用规则 32 以归约 (CompSt)


状态 51

   31 CompSt: LC DefList • StmtList RC

    error   偏移，并进入状态 65
    INT     偏移，并进入状态 66
    FLOAT   偏移，并进入状态 67
    ID      偏移，并进入状态 68
    MINUS   偏移，并进入状态 69
    NOT     偏移，并进入状态 70
    LP      偏移，并进入状态 71
    LC      偏移，并进入状态 33
    RETURN  偏移，并进入状态 72
    IF      偏移，并进入状态 73
    WHILE   偏移，并进入状态 74

    RC  使用规则 34 以归约 (StmtList)

    CompSt    转到状态 75
    StmtList  转到状态 76
    Stmt      转到状态 77
    Exp       转到状态 78


状态 52

   23 VarDec: error • RB
   48 Def: Specifier error • SEMI

    SEMI  偏移，并进入状态 79
    RB    偏移，并进入状态 26


状态 53

   21 VarDec: VarDec • LB INT RB
   22       | VarDec • LB error RB
   52 Dec: VarDec •
   53    | VarDec • ASSIGNOP Exp

    ASSIGNOP  偏移，并进入状态 80
    LB        偏移，并进入状态 31

    $default  使用规则 52 以归约 (Dec)


状态 54

   47 Def: Specifier DecList • SEMI
   49    | Specifier DecList • error

    error  偏移，并进入状态 81
    SEMI   偏移，并进入状态 82


状态 55

   50 DecList: Dec •
   51        | Dec • COMMA DecList

    COMMA  偏移，并进入状态 83

    $default  使用规则 50 以归约 (DecList)


状态 56

   15 StructSpecifier: STRUCT OptTag LC DefList RC •

    $default  使用规则 15 以归约 (StructSpecifier)


状态 57

   45 DefList: Def DefList •

    $default  使用规则 45 以归约 (DefList)


状态 58

   21 VarDec: VarDec • LB INT RB
   22       | VarDec • LB error RB
   30 ParamDec: Specifier VarDec •

    LB  偏移，并进入状态 31

    $default  使用规则 30 以归约 (ParamDec)


状态 59

   27 FunDec: error LP VarList RP •

    $default  使用规则 27 以归约 (FunDec)


状态 60

   28 VarList: ParamDec COMMA • VarList

    TYPE    偏移，并进入状态 2
    STRUCT  偏移，并进入状态 3

    Specifier        转到状态 38
    StructSpecifier  转到状态 8
    VarList          转到状态 84
    ParamDec         转到状态 40


状态 61

   26 FunDec: ID LP error RP •

    $default  使用规则 26 以归约 (FunDec)


状态 62

   24 FunDec: ID LP VarList RP •

    $default  使用规则 24 以归约 (FunDec)


状态 63

   22 VarDec: VarDec LB error RB •

    $default  使用规则 22 以归约 (VarDec)


状态 64

   21 VarDec: VarDec LB INT RB •

    $default  使用规则 21 以归约 (VarDec)


状态 65

   32 CompSt: error • RC
   41 Stmt: error • SEMI

    SEMI  偏移，并进入状态 85
    RC    偏移，并进入状态 50


状态 66

   70 Exp: INT •

    $default  使用规则 70 以归约 (Exp)


状态 67

   71 Exp: FLOAT •

    $default  使用规则 71 以归约 (Exp)


状态 68

   65 Exp: ID • LP Args RP
   66    | ID • LP RP
   69    | ID •

    LP  偏移，并进入状态 86

    $default  使用规则 69 以归约 (Exp)


状态 69

   63 Exp: MINUS • Exp

    INT    偏移，并进入状态 66
    FLOAT  偏移，并进入状态 67
    ID     偏移，并进入状态 68
    MINUS  偏移，并进入状态 69
    NOT    偏移，并进入状态 70
    LP     偏移，并进入状态 71

    Exp  转到状态 87


状态 70

   64 Exp: NOT • Exp

    INT    偏移，并进入状态 66
    FLOAT  偏移，并进入状态 67
    ID     偏移，并进入状态 68
    MINUS  偏移，并进入状态 69
    NOT    偏移，并进入状态 70
    LP     偏移，并进入状态 71

    Exp  转到状态 88


状态 71

   62 Exp: LP • Exp RP

    INT    偏移，并进入状态 66
    FLOAT  偏移，并进入状态 67
    ID     偏移，并进入状态 68
    MINUS  偏移，并进入状态 69
    NOT    偏移，并进入状态 70
    LP     偏移，并进入状态 71

    Exp  转到状态 89


状态 72

   37 Stmt: RETURN • Exp SEMI
   43     | RETURN • Exp error
   44     | RETURN • error SEMI

    error  偏移，并进入状态 90
    INT    偏移，并进入状态 66
    FLOAT  偏移，并进入状态 67
    ID     偏移，并进入状态 68
    MINUS  偏移，并进入状态 69
    NOT    偏移，并进入状态 70
    LP     偏移，并进入状态 71

    Exp  转到状态 91


状态 73

   38 Stmt: IF • LP Exp RP Stmt
   39     | IF • LP Exp RP Stmt ELSE Stmt

    LP  偏移，并进入状态 92


状态 74

   40 Stmt: WHILE • LP Exp RP Stmt

    LP  偏移，并进入状态 93


状态 75

   36 Stmt: CompSt •

    $default  使用规则 36 以归约 (Stmt)


状态 76

   31 CompSt: LC DefList StmtList • RC

    RC  偏移，并进入状态 94


状态 77

   33 StmtList: Stmt • StmtList

    error   偏移，并进入状态 65
    INT     偏移，并进入状态 66
    FLOAT   偏移，并进入状态 67
    ID      偏移，并进入状态 68
    MINUS   偏移，并进入状态 69
    NOT     偏移，并进入状态 70
    LP      偏移，并进入状态 71
    LC      偏移，并进入状态 33
    RETURN  偏移，并进入状态 72
    IF      偏移，并进入状态 73
    WHILE   偏移，并进入状态 74

    RC  使用规则 34 以归约 (StmtList)

    CompSt    转到状态 75
    StmtList  转到状态 95
    Stmt      转到状态 77
    Exp       转到状态 78


状态 78

   35 Stmt: Exp • SEMI
   42     | Exp • error SEMI
   54 Exp: Exp • ASSIGNOP Exp
   55    | Exp • AND Exp
   56    | Exp • OR Exp
   57    | Exp • RELOP Exp
   58    | Exp • PLUS Exp
   59    | Exp • MINUS Exp
   60    | Exp • STAR Exp
   61    | Exp • DIV Exp
   67    | Exp • LB Exp RB
   68    | Exp • DOT ID

    error     偏移，并进入状态 96
    RELOP     偏移，并进入状态 97
    ASSIGNOP  偏移，并进入状态 98
    PLUS      偏移，并进入状态 99
    MINUS     偏移，并进入状态 100
    STAR      偏移，并进入状态 101
    DIV       偏移，并进入状态 102
    AND       偏移，并进入状态 103
    OR        偏移，并进入状态 104
    DOT       偏移，并进入状态 105
    SEMI      偏移，并进入状态 106
    LB        偏移，并进入状态 107


状态 79

   48 Def: Specifier error SEMI •

    $default  使用规则 48 以归约 (Def)


状态 80

   53 Dec: VarDec ASSIGNOP • Exp

    INT    偏移，并进入状态 66
    FLOAT  偏移，并进入状态 67
    ID     偏移，并进入状态 68
    MINUS  偏移，并进入状态 69
    NOT    偏移，并进入状态 70
    LP     偏移，并进入状态 71

    Exp  转到状态 108


状态 81

   49 Def: Specifier DecList error •

    $default  使用规则 49 以归约 (Def)


状态 82

   47 Def: Specifier DecList SEMI •

    $default  使用规则 47 以归约 (Def)


状态 83

   51 DecList: Dec COMMA • DecList

    error  偏移，并进入状态 45
    ID     偏移，并进入状态 46

    VarDec   转到状态 53
    DecList  转到状态 109
    Dec      转到状态 55


状态 84

   28 VarList: ParamDec COMMA VarList •

    $default  使用规则 28 以归约 (VarList)


状态 85

   41 Stmt: error SEMI •

    $default  使用规则 41 以归约 (Stmt)


状态 86

   65 Exp: ID LP • Args RP
   66    | ID LP • RP

    INT    偏移，并进入状态 66
    FLOAT  偏移，并进入状态 67
    ID     偏移，并进入状态 68
    MINUS  偏移，并进入状态 69
    NOT    偏移，并进入状态 70
    LP     偏移，并进入状态 71
    RP     偏移，并进入状态 110

    Exp   转到状态 111
    Args  转到状态 112


状态 87

   54 Exp: Exp • ASSIGNOP Exp
   55    | Exp • AND Exp
   56    | Exp • OR Exp
   57    | Exp • RELOP Exp
   58    | Exp • PLUS Exp
   59    | Exp • MINUS Exp
   60    | Exp • STAR Exp
   61    | Exp • DIV Exp
   63    | MINUS Exp •
   67    | Exp • LB Exp RB
   68    | Exp • DOT ID

    STAR  偏移，并进入状态 101
    DIV   偏移，并进入状态 102
    DOT   偏移，并进入状态 105
    LB    偏移，并进入状态 107

    $default  使用规则 63 以归约 (Exp)


状态 88

   54 Exp: Exp • ASSIGNOP Exp
   55    | Exp • AND Exp
   56    | Exp • OR Exp
   57    | Exp • RELOP Exp
   58    | Exp • PLUS Exp
   59    | Exp • MINUS Exp
   60    | Exp • STAR Exp
   61    | Exp • DIV Exp
   64    | NOT Exp •
   67    | Exp • LB Exp RB
   68    | Exp • DOT ID

    DOT  偏移，并进入状态 105
    LB   偏移，并进入状态 107

    $default  使用规则 64 以归约 (Exp)


状态 89

   54 Exp: Exp • ASSIGNOP Exp
   55    | Exp • AND Exp
   56    | Exp • OR Exp
   57    | Exp • RELOP Exp
   58    | Exp • PLUS Exp
   59    | Exp • MINUS Exp
   60    | Exp • STAR Exp
   61    | Exp • DIV Exp
   62    | LP Exp • RP
   67    | Exp • LB Exp RB
   68    | Exp • DOT ID

    RELOP     偏移，并进入状态 97
    ASSIGNOP  偏移，并进入状态 98
    PLUS      偏移，并进入状态 99
    MINUS     偏移，并进入状态 100
    STAR      偏移，并进入状态 101
    DIV       偏移，并进入状态 102
    AND       偏移，并进入状态 103
    OR        偏移，并进入状态 104
    DOT       偏移，并进入状态 105
    RP        偏移，并进入状态 113
    LB        偏移，并进入状态 107


状态 90

   44 Stmt: RETURN error • SEMI

    SEMI  偏移，并进入状态 114


状态 91

   37 Stmt: RETURN Exp • SEMI
   43     | RETURN Exp • error
   54 Exp: Exp • ASSIGNOP Exp
   55    | Exp • AND Exp
   56    | Exp • OR Exp
   57    | Exp • RELOP Exp
   58    | Exp • PLUS Exp
   59    | Exp • MINUS Exp
   60    | Exp • STAR Exp
   61    | Exp • DIV Exp
   67    | Exp • LB Exp RB
   68    | Exp • DOT ID

    error     偏移，并进入状态 115
    RELOP     偏移，并进入状态 97
    ASSIGNOP  偏移，并进入状态 98
    PLUS      偏移，并进入状态 99
    MINUS     偏移，并进入状态 100
    STAR      偏移，并进入状态 101
    DIV       偏移，并进入状态 102
    AND       偏移，并进入状态 103
    OR        偏移，并进入状态 104
    DOT       偏移，并进入状态 105
    SEMI      偏移，并进入状态 116
    LB        偏移，并进入状态 107


状态 92

   38 Stmt: IF LP • Exp RP Stmt
   39     | IF LP • Exp RP Stmt ELSE Stmt

    INT    偏移，并进入状态 66
    FLOAT  偏移，并进入状态 67
    ID     偏移，并进入状态 68
    MINUS  偏移，并进入状态 69
    NOT    偏移，并进入状态 70
    LP     偏移，并进入状态 71

    Exp  转到状态 117


状态 93

   40 Stmt: WHILE LP • Exp RP Stmt

    INT    偏移，并进入状态 66
    FLOAT  偏移，并进入状态 67
    ID     偏移，并进入状态 68
    MINUS  偏移，并进入状态 69
    NOT    偏移，并进入状态 70
    LP     偏移，并进入状态 71

    Exp  转到状态 118


状态 94

   31 CompSt: LC DefList StmtList RC •

    $default  使用规则 31 以归约 (CompSt)


状态 95

   33 StmtList: Stmt StmtList •

    $default  使用规则 33 以归约 (StmtList)


状态 96

   42 Stmt: Exp error • SEMI

    SEMI  偏移，并进入状态 119


状态 97

   57 Exp: Exp RELOP • Exp

    INT    偏移，并进入状态 66
    FLOAT  偏移，并进入状态 67
    ID     偏移，并进入状态 68
    MINUS  偏移，并进入状态 69
    NOT    偏移，并进入状态 70
    LP     偏移，并进入状态 71

    Exp  转到状态 120


状态 98

   54 Exp: Exp ASSIGNOP • Exp

    INT    偏移，并进入状态 66
    FLOAT  偏移，并进入状态 67
    ID     偏移，并进入状态 68
    MINUS  偏移，并进入状态 69
    NOT    偏移，并进入状态 70
    LP     偏移，并进入状态 71

    Exp  转到状态 121


状态 99

   58 Exp: Exp PLUS • Exp

    INT    偏移，并进入状态 66
    FLOAT  偏移，并进入状态 67
    ID     偏移，并进入状态 68
    MINUS  偏移，并进入状态 69
    NOT    偏移，并进入状态 70
    LP     偏移，并进入状态 71

    Exp  转到状态 122


状态 100

   59 Exp: Exp MINUS • Exp

    INT    偏移，并进入状态 66
    FLOAT  偏移，并进入状态 67
    ID     偏移，并进入状态 68
    MINUS  偏移，并进入状态 69
    NOT    偏移，并进入状态 70
    LP     偏移，并进入状态 71

    Exp  转到状态 123


状态 101

   60 Exp: Exp STAR • Exp

    INT    偏移，并进入状态 66
    FLOAT  偏移，并进入状态 67
    ID     偏移，并进入状态 68
    MINUS  偏移，并进入状态 69
    NOT    偏移，并进入状态 70
    LP     偏移，并进入状态 71

    Exp  转到状态 124


状态 102

   61 Exp: Exp DIV • Exp

    INT    偏移，并进入状态 66
    FLOAT  偏移，并进入状态 67
    ID     偏移，并进入状态 68
    MINUS  偏移，并进入状态 69
    NOT    偏移，并进入状态 70
    LP     偏移，并进入状态 71

    Exp  转到状态 125


状态 103

   55 Exp: Exp AND • Exp

    INT    偏移，并进入状态 66
    FLOAT  偏移，并进入状态 67
    ID     偏移，并进入状态 68
    MINUS  偏移，并进入状态 69
    NOT    偏移，并进入状态 70
    LP     偏移，并进入状态 71

    Exp  转到状态 126


状态 104

   56 Exp: Exp OR • Exp

    INT    偏移，并进入状态 66
    FLOAT  偏移，并进入状态 67
    ID     偏移，并进入状态 68
    MINUS  偏移，并进入状态 69
    NOT    偏移，并进入状态 70
    LP     偏移，并进入状态 71

    Exp  转到状态 127


状态 105

   68 Exp: Exp DOT • ID

    ID  偏移，并进入状态 128


状态 106

   35 Stmt: Exp SEMI •

    $default  使用规则 35 以归约 (Stmt)


状态 107

   67 Exp: Exp LB • Exp RB

    INT    偏移，并进入状态 66
    FLOAT  偏移，并进入状态 67
    ID     偏移，并进入状态 68
    MINUS  偏移，并进入状态 69
    NOT    偏移，并进入状态 70
    LP     偏移，并进入状态 71

    Exp  转到状态 129


状态 108

   53 Dec: VarDec ASSIGNOP Exp •
   54 Exp: Exp • ASSIGNOP Exp
   55    | Exp • AND Exp
   56    | Exp • OR Exp
   57    | Exp • RELOP Exp
   58    | Exp • PLUS Exp
   59    | Exp • MINUS Exp
   60    | Exp • STAR Exp
   61    | Exp • DIV Exp
   67    | Exp • LB Exp RB
   68    | Exp • DOT ID

    RELOP     偏移，并进入状态 97
    ASSIGNOP  偏移，并进入状态 98
    PLUS      偏移，并进入状态 99
    MINUS     偏移，并进入状态 100
    STAR      偏移，并进入状态 101
    DIV       偏移，并进入状态 102
    AND       偏移，并进入状态 103
    OR        偏移，并进入状态 104
    DOT       偏移，并进入状态 105
    LB        偏移，并进入状态 107

    $default  使用规则 53 以归约 (Dec)


状态 109

   51 DecList: Dec COMMA DecList •

    $default  使用规则 51 以归约 (DecList)


状态 110

   66 Exp: ID LP RP •

    $default  使用规则 66 以归约 (Exp)


状态 111

   54 Exp: Exp • ASSIGNOP Exp
   55    | Exp • AND Exp
   56    | Exp • OR Exp
   57    | Exp • RELOP Exp
   58    | Exp • PLUS Exp
   59    | Exp • MINUS Exp
   60    | Exp • STAR Exp
   61    | Exp • DIV Exp
   67    | Exp • LB Exp RB
   68    | Exp • DOT ID
   72 Args: Exp • COMMA Args
   73     | Exp •

    RELOP     偏移，并进入状态 97
    ASSIGNOP  偏移，并进入状态 98
    PLUS      偏移，并进入状态 99
    MINUS     偏移，并进入状态 100
    STAR      偏移，并进入状态 101
    DIV       偏移，并进入状态 102
    AND       偏移，并进入状态 103
    OR        偏移，并进入状态 104
    DOT       偏移，并进入状态 105
    COMMA     偏移，并进入状态 130
    LB        偏移，并进入状态 107

    $default  使用规则 73 以归约 (Args)


状态 112

   65 Exp: ID LP Args • RP

    RP  偏移，并进入状态 131


状态 113

   62 Exp: LP Exp RP •

    $default  使用规则 62 以归约 (Exp)


状态 114

   44 Stmt: RETURN error SEMI •

    $default  使用规则 44 以归约 (Stmt)


状态 115

   43 Stmt: RETURN Exp error •

    $default  使用规则 43 以归约 (Stmt)


状态 116

   37 Stmt: RETURN Exp SEMI •

    $default  使用规则 37 以归约 (Stmt)


状态 117

   38 Stmt: IF LP Exp • RP Stmt
   39     | IF LP Exp • RP Stmt ELSE Stmt
   54 Exp: Exp • ASSIGNOP Exp
   55    | Exp • AND Exp
   56    | Exp • OR Exp
   57    | Exp • RELOP Exp
   58    | Exp • PLUS Exp
   59    | Exp • MINUS Exp
   60    | Exp • STAR Exp
   61    | Exp • DIV Exp
   67    | Exp • LB Exp RB
   68    | Exp • DOT ID

    RELOP     偏移，并进入状态 97
    ASSIGNOP  偏移，并进入状态 98
    PLUS      偏移，并进入状态 99
    MINUS     偏移，并进入状态 100
    STAR      偏移，并进入状态 101
    DIV       偏移，并进入状态 102
    AND       偏移，并进入状态 103
    OR        偏移，并进入状态 104
    DOT       偏移，并进入状态 105
    RP        偏移，并进入状态 132
    LB        偏移，并进入状态 107


状态 118

   40 Stmt: WHILE LP Exp • RP Stmt
   54 Exp: Exp • ASSIGNOP Exp
   55    | Exp • AND Exp
   56    | Exp • OR Exp
   57    | Exp • RELOP Exp
   58    | Exp • PLUS Exp
   59    | Exp • MINUS Exp
   60    | Exp • STAR Exp
   61    | Exp • DIV Exp
   67    | Exp • LB Exp RB
   68    | Exp • DOT ID

    RELOP     偏移，并进入状态 97
    ASSIGNOP  偏移，并进入状态 98
    PLUS      偏移，并进入状态 99
    MINUS     偏移，并进入状态 100
    STAR      偏移，并进入状态 101
    DIV       偏移，并进入状态 102
    AND       偏移，并进入状态 103
    OR        偏移，并进入状态 104
    DOT       偏移，并进入状态 105
    RP        偏移，并进入状态 133
    LB        偏移，并进入状态 107


状态 119

   42 Stmt: Exp error SEMI •

    $default  使用规则 42 以归约 (Stmt)


状态 120

   54 Exp: Exp • ASSIGNOP Exp
   55    | Exp • AND Exp
   56    | Exp • OR Exp
   57    | Exp • RELOP Exp
   57    | Exp RELOP Exp •
   58    | Exp • PLUS Exp
   59    | Exp • MINUS Exp
   60    | Exp • STAR Exp
   61    | Exp • DIV Exp
   67    | Exp • LB Exp RB
   68    | Exp • DOT ID

    PLUS   偏移，并进入状态 99
    MINUS  偏移，并进入状态 100
    STAR   偏移，并进入状态 101
    DIV    偏移，并进入状态 102
    DOT    偏移，并进入状态 105
    LB     偏移，并进入状态 107

    $default  使用规则 57 以归约 (Exp)


状态 121

   54 Exp: Exp • ASSIGNOP Exp
   54    | Exp ASSIGNOP Exp •
   55    | Exp • AND Exp
   56    | Exp • OR Exp
   57    | Exp • RELOP Exp
   58    | Exp • PLUS Exp
   59    | Exp • MINUS Exp
   60    | Exp • STAR Exp
   61    | Exp • DIV Exp
   67    | Exp • LB Exp RB
   68    | Exp • DOT ID

    RELOP     偏移，并进入状态 97
    ASSIGNOP  偏移，并进入状态 98
    PLUS      偏移，并进入状态 99
    MINUS     偏移，并进入状态 100
    STAR      偏移，并进入状态 101
    DIV       偏移，并进入状态 102
    AND       偏移，并进入状态 103
    OR        偏移，并进入状态 104
    DOT       偏移，并进入状态 105
    LB        偏移，并进入状态 107

    $default  使用规则 54 以归约 (Exp)


状态 122

   54 Exp: Exp • ASSIGNOP Exp
   55    | Exp • AND Exp
   56    | Exp • OR Exp
   57    | Exp • RELOP Exp
   58    | Exp • PLUS Exp
   58    | Exp PLUS Exp •
   59    | Exp • MINUS Exp
   60    | Exp • STAR Exp
   61    | Exp • DIV Exp
   67    | Exp • LB Exp RB
   68    | Exp • DOT ID

    STAR  偏移，并进入状态 101
    DIV   偏移，并进入状态 102
    DOT   偏移，并进入状态 105
    LB    偏移，并进入状态 107

    $default  使用规则 58 以归约 (Exp)


状态 123

   54 Exp: Exp • ASSIGNOP Exp
   55    | Exp • AND Exp
   56    | Exp • OR Exp
   57    | Exp • RELOP Exp
   58    | Exp • PLUS Exp
   59    | Exp • MINUS Exp
   59    | Exp MINUS Exp •
   60    | Exp • STAR Exp
   61    | Exp • DIV Exp
   67    | Exp • LB Exp RB
   68    | Exp • DOT ID

    STAR  偏移，并进入状态 101
    DIV   偏移，并进入状态 102
    DOT   偏移，并进入状态 105
    LB    偏移，并进入状态 107

    $default  使用规则 59 以归约 (Exp)


状态 124

   54 Exp: Exp • ASSIGNOP Exp
   55    | Exp • AND Exp
   56    | Exp • OR Exp
   57    | Exp • RELOP Exp
   58    | Exp • PLUS Exp
   59    | Exp • MINUS Exp
   60    | Exp • STAR Exp
   60    | Exp STAR Exp •
   61    | Exp • DIV Exp
   67    | Exp • LB Exp RB
   68    | Exp • DOT ID

    DOT  偏移，并进入状态 105
    LB   偏移，并进入状态 107

    $default  使用规则 60 以归约 (Exp)


状态 125

   54 Exp: Exp • ASSIGNOP Exp
   55    | Exp • AND Exp
   56    | Exp • OR Exp
   57    | Exp • RELOP Exp
   58    | Exp • PLUS Exp
   59    | Exp • MINUS Exp
   60    | Exp • STAR Exp
   61    | Exp • DIV Exp
   61    | Exp DIV Exp •
   67    | Exp • LB Exp RB
   68    | Exp • DOT ID

    DOT  偏移，并进入状态 105
    LB   偏移，并进入状态 107

    $default  使用规则 61 以归约 (Exp)


状态 126

   54 Exp: Exp • ASSIGNOP Exp
   55    | Exp • AND Exp
   55    | Exp AND Exp •
   56    | Exp • OR Exp
   57    | Exp • RELOP Exp
   58    | Exp • PLUS Exp
   59    | Exp • MINUS Exp
   60    | Exp • STAR Exp
   61    | Exp • DIV Exp
   67    | Exp • LB Exp RB
   68    | Exp • DOT ID

    RELOP  偏移，并进入状态 97
    PLUS   偏移，并进入状态 99
    MINUS  偏移，并进入状态 100
    STAR   偏移，并进入状态 101
    DIV    偏移，并进入状态 102
    DOT    偏移，并进入状态 105
    LB     偏移，并进入状态 107

    $default  使用规则 55 以归约 (Exp)


状态 127

   54 Exp: Exp • ASSIGNOP Exp
   55    | Exp • AND Exp
   56    | Exp • OR Exp
   56    | Exp OR Exp •
   57    | Exp • RELOP Exp
   58    | Exp • PLUS Exp
   59    | Exp • MINUS Exp
   60    | Exp • STAR Exp
   61    | Exp • DIV Exp
   67    | Exp • LB Exp RB
   68    | Exp • DOT ID

    RELOP  偏移，并进入状态 97
    PLUS   偏移，并进入状态 99
    MINUS  偏移，并进入状态 100
    STAR   偏移，并进入状态 101
    DIV    偏移，并进入状态 102
    AND    偏移，并进入状态 103
    DOT    偏移，并进入状态 105
    LB     偏移，并进入状态 107

    $default  使用规则 56 以归约 (Exp)


状态 128

   68 Exp: Exp DOT ID •

    $default  使用规则 68 以归约 (Exp)


状态 129

   54 Exp: Exp • ASSIGNOP Exp
   55    | Exp • AND Exp
   56    | Exp • OR Exp
   57    | Exp • RELOP Exp
   58    | Exp • PLUS Exp
   59    | Exp • MINUS Exp
   60    | Exp • STAR Exp
   61    | Exp • DIV Exp
   67    | Exp • LB Exp RB
   67    | Exp LB Exp • RB
   68    | Exp • DOT ID

    RELOP     偏移，并进入状态 97
    ASSIGNOP  偏移，并进入状态 98
    PLUS      偏移，并进入状态 99
    MINUS     偏移，并进入状态 100
    STAR      偏移，并进入状态 101
    DIV       偏移，并进入状态 102
    AND       偏移，并进入状态 103
    OR        偏移，并进入状态 104
    DOT       偏移，并进入状态 105
    LB        偏移，并进入状态 107
    RB        偏移，并进入状态 134


状态 130

   72 Args: Exp COMMA • Args

    INT    偏移，并进入状态 66
    FLOAT  偏移，并进入状态 67
    ID     偏移，并进入状态 68
    MINUS  偏移，并进入状态 69
    NOT    偏移，并进入状态 70
    LP     偏移，并进入状态 71

    Exp   转到状态 111
    Args  转到状态 135


状态 131

   65 Exp: ID LP Args RP •

    $default  使用规则 65 以归约 (Exp)


状态 132

   38 Stmt: IF LP Exp RP • Stmt
   39     | IF LP Exp RP • Stmt ELSE Stmt

    error   偏移，并进入状态 65
    INT     偏移，并进入状态 66
    FLOAT   偏移，并进入状态 67
    ID      偏移，并进入状态 68
    MINUS   偏移，并进入状态 69
    NOT     偏移，并进入状态 70
    LP      偏移，并进入状态 71
    LC      偏移，并进入状态 33
    RETURN  偏移，并进入状态 72
    IF      偏移，并进入状态 73
    WHILE   偏移，并进入状态 74

    CompSt  转到状态 75
    Stmt    转到状态 136
    Exp     转到状态 78


状态 133

   40 Stmt: WHILE LP Exp RP • Stmt

    error   偏移，并进入状态 65
    INT     偏移，并进入状态 66
    FLOAT   偏移，并进入状态 67
    ID      偏移，并进入状态 68
    MINUS   偏移，并进入状态 69
    NOT     偏移，并进入状态 70
    LP      偏移，并进入状态 71
    LC      偏移，并进入状态 33
    RETURN  偏移，并进入状态 72
    IF      偏移，并进入状态 73
    WHILE   偏移，并进入状态 74

    CompSt  转到状态 75
    Stmt    转到状态 137
    Exp     转到状态 78


状态 134

   67 Exp: Exp LB Exp RB •

    $default  使用规则 67 以归约 (Exp)


状态 135

   72 Args: Exp COMMA Args •

    $default  使用规则 72 以归约 (Args)


状态 136

   38 Stmt: IF LP Exp RP Stmt •
   39     | IF LP Exp RP Stmt • ELSE Stmt

    ELSE  偏移，并进入状态 138

    $default  使用规则 38 以归约 (Stmt)


状态 137

   40 Stmt: WHILE LP Exp RP Stmt •

    $default  使用规则 40 以归约 (Stmt)


状态 138

   39 Stmt: IF LP Exp RP Stmt ELSE • Stmt

    error   偏移，并进入状态 65
    INT     偏移，并进入状态 66
    FLOAT   偏移，并进入状态 67
    ID      偏移，并进入状态 68
    MINUS   偏移，并进入状态 69
    NOT     偏移，并进入状态 70
    LP      偏移，并进入状态 71
    LC      偏移，并进入状态 33
    RETURN  偏移，并进入状态 72
    IF      偏移，并进入状态 73
    WHILE   偏移，并进入状态 74

    CompSt  转到状态 75
    Stmt    转到状态 139
    Exp     转到状态 78


状态 139

   39 Stmt: IF LP Exp RP Stmt ELSE Stmt •

    $default  使用规则 39 以归约 (Stmt)
